TN:
SF:src\app.js
FNF:0
FNH:0
DA:11,2
DA:14,2
DA:27,2
DA:28,2
DA:31,2
DA:34,2
DA:35,2
DA:36,2
LF:8
LH:8
BRF:0
BRH:0
end_of_record
TN:
SF:src\config\db.js
FN:15,(anonymous_0)
FN:25,(anonymous_1)
FNF:2
FNH:0
FNDA:0,(anonymous_0)
FNDA:0,(anonymous_1)
DA:6,0
DA:8,0
DA:10,0
DA:15,0
DA:16,0
DA:17,0
DA:18,0
DA:20,0
DA:21,0
DA:25,0
DA:26,0
LF:11
LH:0
BRDA:12,0,0,0
BRDA:12,0,1,0
BRF:2
BRH:0
end_of_record
TN:
SF:src\controllers\authController.js
FN:5,(anonymous_0)
FN:49,(anonymous_1)
FN:87,(anonymous_2)
FN:99,(anonymous_3)
FNF:4
FNH:4
FNDA:2,(anonymous_0)
FNDA:3,(anonymous_1)
FNDA:1,(anonymous_2)
FNDA:1,(anonymous_3)
DA:5,2
DA:6,2
DA:9,2
DA:15,2
DA:16,1
DA:22,1
DA:23,1
DA:26,1
DA:35,1
DA:37,1
DA:49,2
DA:50,3
DA:53,3
DA:59,3
DA:60,1
DA:66,2
DA:68,2
DA:69,1
DA:75,1
DA:77,1
DA:87,2
DA:88,1
DA:93,1
DA:99,2
DA:100,1
DA:102,1
DA:103,0
DA:108,1
LF:28
LH:27
BRDA:15,0,0,1
BRDA:15,0,1,1
BRDA:59,1,0,1
BRDA:59,1,1,2
BRDA:68,2,0,1
BRDA:68,2,1,1
BRDA:102,3,0,0
BRDA:102,3,1,1
BRF:8
BRH:7
end_of_record
TN:
SF:src\controllers\movieController.js
FN:5,(anonymous_0)
FN:67,(anonymous_1)
FN:114,(anonymous_2)
FN:132,(anonymous_3)
FN:172,(anonymous_4)
FN:207,(anonymous_5)
FNF:6
FNH:6
FNDA:4,(anonymous_0)
FNDA:4,(anonymous_1)
FNDA:2,(anonymous_2)
FNDA:3,(anonymous_3)
FNDA:3,(anonymous_4)
FNDA:4,(anonymous_5)
DA:3,2
DA:5,2
DA:7,4
DA:10,4
DA:13,4
DA:16,4
DA:25,4
DA:27,4
DA:32,4
DA:35,4
DA:52,3
DA:59,1
DA:61,1
DA:67,2
DA:68,4
DA:70,4
DA:72,4
DA:74,4
DA:84,4
DA:85,4
DA:89,4
DA:91,4
DA:100,3
DA:106,1
DA:108,1
DA:114,2
DA:115,2
DA:117,2
DA:123,2
DA:124,1
DA:129,1
DA:132,2
DA:133,3
DA:135,3
DA:137,3
DA:138,1
DA:143,2
DA:149,2
DA:150,1
DA:155,1
DA:166,1
DA:172,2
DA:173,3
DA:174,3
DA:178,3
DA:179,1
DA:184,2
DA:185,1
DA:190,1
DA:194,1
DA:199,0
DA:201,0
DA:207,2
DA:208,4
DA:210,4
DA:212,4
DA:214,4
DA:215,4
DA:219,4
DA:220,1
DA:225,3
DA:226,1
DA:231,2
DA:232,2
DA:242,2
DA:243,1
DA:249,1
DA:254,1
DA:261,0
DA:263,0
LF:70
LH:66
BRDA:7,0,0,4
BRDA:7,0,1,4
BRDA:13,1,0,4
BRDA:13,1,1,2
BRDA:17,2,0,4
BRDA:17,2,1,2
BRDA:68,3,0,4
BRDA:68,3,1,4
BRDA:70,4,0,4
BRDA:70,4,1,2
BRDA:76,5,0,4
BRDA:76,5,1,2
BRDA:123,6,0,1
BRDA:123,6,1,1
BRDA:137,7,0,1
BRDA:137,7,1,2
BRDA:137,8,0,3
BRDA:137,8,1,3
BRDA:149,9,0,1
BRDA:149,9,1,1
BRDA:178,10,0,1
BRDA:178,10,1,2
BRDA:184,11,0,1
BRDA:184,11,1,1
BRDA:219,12,0,1
BRDA:219,12,1,3
BRDA:225,13,0,1
BRDA:225,13,1,2
BRDA:231,14,0,2
BRDA:231,14,1,0
BRDA:231,15,0,2
BRDA:231,15,1,0
BRDA:242,16,0,1
BRDA:242,16,1,1
BRF:34
BRH:32
end_of_record
TN:
SF:src\controllers\watchlistController.js
FN:7,(anonymous_0)
FN:106,(anonymous_1)
FN:129,(anonymous_2)
FN:162,(anonymous_3)
FN:207,(anonymous_4)
FN:242,(anonymous_5)
FNF:6
FNH:0
FNDA:0,(anonymous_0)
FNDA:0,(anonymous_1)
FNDA:0,(anonymous_2)
FNDA:0,(anonymous_3)
FNDA:0,(anonymous_4)
FNDA:0,(anonymous_5)
DA:3,2
DA:5,2
DA:7,2
DA:8,0
DA:10,0
DA:12,0
DA:14,0
DA:16,0
DA:18,0
DA:19,0
DA:24,0
DA:39,0
DA:60,0
DA:62,0
DA:63,0
DA:67,0
DA:69,0
DA:91,0
DA:98,0
DA:100,0
DA:106,2
DA:107,0
DA:108,0
DA:118,0
DA:121,0
DA:123,0
DA:129,2
DA:130,0
DA:131,0
DA:151,0
DA:154,0
DA:156,0
DA:162,2
DA:163,0
DA:164,0
DA:166,0
DA:172,0
DA:173,0
DA:178,0
DA:185,0
DA:186,0
DA:191,0
DA:201,0
DA:207,2
DA:208,0
DA:209,0
DA:213,0
DA:214,0
DA:219,0
DA:220,0
DA:225,0
DA:229,0
DA:234,0
DA:236,0
DA:242,2
DA:243,0
DA:245,0
DA:246,0
DA:250,0
DA:251,0
DA:256,0
DA:257,0
DA:258,0
DA:259,0
DA:261,0
DA:266,0
DA:268,0
DA:270,0
LF:68
LH:8
BRDA:8,0,0,0
BRDA:8,0,1,0
BRDA:12,1,0,0
BRDA:12,1,1,0
BRDA:14,2,0,0
BRDA:14,2,1,0
BRDA:16,3,0,0
BRDA:16,3,1,0
BRDA:18,4,0,0
BRDA:18,4,1,0
BRDA:18,5,0,0
BRDA:18,5,1,0
BRDA:26,6,0,0
BRDA:26,6,1,0
BRDA:34,7,0,0
BRDA:34,7,1,0
BRDA:60,8,0,0
BRDA:60,8,1,0
BRDA:172,9,0,0
BRDA:172,9,1,0
BRDA:185,10,0,0
BRDA:185,10,1,0
BRDA:195,11,0,0
BRDA:195,11,1,0
BRDA:213,12,0,0
BRDA:213,12,1,0
BRDA:219,13,0,0
BRDA:219,13,1,0
BRDA:250,14,0,0
BRDA:250,14,1,0
BRDA:257,15,0,0
BRDA:257,15,1,0
BRDA:258,16,0,0
BRDA:258,16,1,0
BRDA:259,17,0,0
BRDA:259,17,1,0
BRF:36
BRH:0
end_of_record
TN:
SF:src\middleware\authMiddleware.js
FN:4,(anonymous_0)
FNF:1
FNH:1
FNDA:16,(anonymous_0)
DA:4,2
DA:7,16
DA:8,0
DA:9,16
DA:10,15
DA:13,16
DA:14,1
DA:19,15
DA:20,15
DA:22,15
DA:26,15
DA:27,0
DA:32,15
DA:34,15
DA:36,0
LF:15
LH:12
BRDA:7,0,0,0
BRDA:7,0,1,16
BRDA:7,1,0,16
BRDA:7,1,1,0
BRDA:9,2,0,15
BRDA:9,2,1,1
BRDA:13,3,0,1
BRDA:13,3,1,15
BRDA:26,4,0,0
BRDA:26,4,1,15
BRF:10
BRH:7
end_of_record
TN:
SF:src\middleware\validateRequest.js
FN:3,(anonymous_0)
FN:4,(anonymous_1)
FNF:2
FNH:2
FNDA:16,(anonymous_0)
FNDA:16,(anonymous_1)
DA:3,2
DA:4,16
DA:5,16
DA:7,16
DA:8,0
DA:9,0
DA:11,0
DA:16,16
LF:8
LH:5
BRDA:3,0,0,10
BRDA:7,1,0,0
BRDA:7,1,1,16
BRF:3
BRH:2
end_of_record
TN:
SF:src\routes\authRoutes.js
FNF:0
FNH:0
DA:7,2
DA:9,2
DA:10,2
DA:11,2
DA:12,2
LF:5
LH:5
BRF:0
BRH:0
end_of_record
TN:
SF:src\routes\movieRoutes.js
FNF:0
FNH:0
DA:7,2
DA:10,2
DA:12,2
DA:14,2
DA:16,2
DA:18,2
DA:20,2
LF:7
LH:7
BRF:0
BRH:0
end_of_record
TN:
SF:src\routes\watchlistRoutes.js
FNF:0
FNH:0
DA:8,2
DA:10,2
DA:12,2
DA:14,2
DA:16,2
DA:18,2
DA:20,2
DA:22,2
LF:8
LH:8
BRF:0
BRH:0
end_of_record
TN:
SF:src\utils\generateToken.js
FN:3,(anonymous_0)
FNF:1
FNH:1
FNDA:2,(anonymous_0)
DA:3,2
DA:4,2
DA:8,2
DA:12,2
DA:19,2
LF:5
LH:5
BRDA:9,0,0,2
BRDA:9,0,1,0
BRDA:15,1,0,0
BRDA:15,1,1,2
BRF:4
BRH:2
end_of_record
TN:
SF:src\validators\authValidator.js
FNF:0
FNH:0
DA:3,2
DA:9,2
LF:2
LH:2
BRF:0
BRH:0
end_of_record
TN:
SF:src\validators\movieValidators.js
FNF:0
FNH:0
DA:3,2
DA:11,2
DA:15,2
LF:3
LH:3
BRF:0
BRH:0
end_of_record
TN:
SF:src\validators\watchlistValidator.js
FN:9,(anonymous_0)
FNF:1
FNH:0
FNDA:0,(anonymous_0)
DA:3,2
DA:9,0
LF:2
LH:1
BRF:0
BRH:0
end_of_record
