TN:
SF:src\app.js
FNF:0
FNH:0
DA:11,3
DA:14,3
DA:27,3
DA:28,3
DA:31,3
DA:34,3
DA:35,3
DA:36,3
LF:8
LH:8
BRF:0
BRH:0
end_of_record
TN:
SF:src\config\db.js
FN:15,(anonymous_0)
FN:25,(anonymous_1)
FNF:2
FNH:0
FNDA:0,(anonymous_0)
FNDA:0,(anonymous_1)
DA:6,0
DA:8,0
DA:10,0
DA:15,0
DA:16,0
DA:17,0
DA:18,0
DA:20,0
DA:21,0
DA:25,0
DA:26,0
LF:11
LH:0
BRDA:12,0,0,0
BRDA:12,0,1,0
BRF:2
BRH:0
end_of_record
TN:
SF:src\controllers\authController.js
FN:5,(anonymous_0)
FN:49,(anonymous_1)
FN:87,(anonymous_2)
FN:99,(anonymous_3)
FNF:4
FNH:4
FNDA:2,(anonymous_0)
FNDA:3,(anonymous_1)
FNDA:1,(anonymous_2)
FNDA:1,(anonymous_3)
DA:5,3
DA:6,2
DA:9,2
DA:15,2
DA:16,1
DA:22,1
DA:23,1
DA:26,1
DA:35,1
DA:37,1
DA:49,3
DA:50,3
DA:53,3
DA:59,3
DA:60,1
DA:66,2
DA:68,2
DA:69,1
DA:75,1
DA:77,1
DA:87,3
DA:88,1
DA:93,1
DA:99,3
DA:100,1
DA:102,1
DA:103,0
DA:108,1
LF:28
LH:27
BRDA:15,0,0,1
BRDA:15,0,1,1
BRDA:59,1,0,1
BRDA:59,1,1,2
BRDA:68,2,0,1
BRDA:68,2,1,1
BRDA:102,3,0,0
BRDA:102,3,1,1
BRF:8
BRH:7
end_of_record
TN:
SF:src\controllers\movieController.js
FN:5,(anonymous_0)
FN:67,(anonymous_1)
FN:114,(anonymous_2)
FN:132,(anonymous_3)
FN:172,(anonymous_4)
FN:207,(anonymous_5)
FNF:6
FNH:6
FNDA:4,(anonymous_0)
FNDA:4,(anonymous_1)
FNDA:2,(anonymous_2)
FNDA:3,(anonymous_3)
FNDA:4,(anonymous_4)
FNDA:5,(anonymous_5)
DA:3,3
DA:5,3
DA:7,4
DA:10,4
DA:13,4
DA:16,4
DA:25,4
DA:27,4
DA:32,4
DA:35,4
DA:52,3
DA:59,1
DA:61,1
DA:67,3
DA:68,4
DA:70,4
DA:72,4
DA:74,4
DA:84,4
DA:85,4
DA:89,4
DA:91,4
DA:100,3
DA:106,1
DA:108,1
DA:114,3
DA:115,2
DA:117,2
DA:123,2
DA:124,1
DA:129,1
DA:132,3
DA:133,3
DA:135,3
DA:137,3
DA:138,1
DA:143,2
DA:149,2
DA:150,1
DA:155,1
DA:166,1
DA:172,3
DA:173,4
DA:174,4
DA:178,4
DA:179,1
DA:184,3
DA:185,1
DA:190,2
DA:194,1
DA:199,1
DA:201,1
DA:207,3
DA:208,5
DA:210,5
DA:212,5
DA:214,5
DA:215,5
DA:219,5
DA:220,1
DA:225,4
DA:226,1
DA:231,3
DA:232,3
DA:242,3
DA:243,1
DA:249,2
DA:254,1
DA:261,1
DA:263,1
LF:70
LH:70
BRDA:7,0,0,4
BRDA:7,0,1,4
BRDA:13,1,0,4
BRDA:13,1,1,2
BRDA:17,2,0,4
BRDA:17,2,1,2
BRDA:68,3,0,4
BRDA:68,3,1,4
BRDA:70,4,0,4
BRDA:70,4,1,2
BRDA:76,5,0,4
BRDA:76,5,1,2
BRDA:123,6,0,1
BRDA:123,6,1,1
BRDA:137,7,0,1
BRDA:137,7,1,2
BRDA:137,8,0,3
BRDA:137,8,1,3
BRDA:149,9,0,1
BRDA:149,9,1,1
BRDA:178,10,0,1
BRDA:178,10,1,3
BRDA:184,11,0,1
BRDA:184,11,1,2
BRDA:219,12,0,1
BRDA:219,12,1,4
BRDA:225,13,0,1
BRDA:225,13,1,3
BRDA:231,14,0,3
BRDA:231,14,1,0
BRDA:231,15,0,3
BRDA:231,15,1,0
BRDA:242,16,0,1
BRDA:242,16,1,2
BRF:34
BRH:32
end_of_record
TN:
SF:src\controllers\watchlistController.js
FN:7,(anonymous_0)
FN:107,(anonymous_1)
FN:130,(anonymous_2)
FN:163,(anonymous_3)
FN:208,(anonymous_4)
FN:243,(anonymous_5)
FNF:6
FNH:6
FNDA:3,(anonymous_0)
FNDA:2,(anonymous_1)
FNDA:2,(anonymous_2)
FNDA:3,(anonymous_3)
FNDA:3,(anonymous_4)
FNDA:3,(anonymous_5)
DA:3,3
DA:5,3
DA:7,3
DA:8,3
DA:10,3
DA:12,3
DA:14,3
DA:16,3
DA:18,3
DA:19,1
DA:24,2
DA:39,2
DA:60,2
DA:62,2
DA:63,2
DA:67,2
DA:69,2
DA:91,1
DA:99,1
DA:101,1
DA:107,3
DA:108,2
DA:109,2
DA:119,1
DA:122,1
DA:124,1
DA:130,3
DA:131,2
DA:132,2
DA:152,1
DA:155,1
DA:157,1
DA:163,3
DA:164,3
DA:165,3
DA:167,3
DA:173,3
DA:174,1
DA:179,2
DA:186,2
DA:187,1
DA:192,1
DA:202,1
DA:208,3
DA:209,3
DA:210,3
DA:214,3
DA:215,1
DA:220,2
DA:221,1
DA:226,1
DA:230,1
DA:235,0
DA:237,0
DA:243,3
DA:244,3
DA:246,3
DA:247,3
DA:251,3
DA:252,1
DA:257,2
DA:258,2
DA:259,2
DA:260,2
DA:262,2
DA:267,1
DA:269,1
DA:271,1
LF:68
LH:66
BRDA:8,0,0,3
BRDA:8,0,1,3
BRDA:12,1,0,3
BRDA:12,1,1,3
BRDA:14,2,0,3
BRDA:14,2,1,2
BRDA:16,3,0,3
BRDA:16,3,1,3
BRDA:18,4,0,1
BRDA:18,4,1,2
BRDA:18,5,0,3
BRDA:18,5,1,1
BRDA:26,6,0,2
BRDA:26,6,1,0
BRDA:34,7,0,2
BRDA:34,7,1,0
BRDA:60,8,0,2
BRDA:60,8,1,2
BRDA:173,9,0,1
BRDA:173,9,1,2
BRDA:186,10,0,1
BRDA:186,10,1,1
BRDA:196,11,0,1
BRDA:196,11,1,0
BRDA:214,12,0,1
BRDA:214,12,1,2
BRDA:220,13,0,1
BRDA:220,13,1,1
BRDA:251,14,0,1
BRDA:251,14,1,2
BRDA:258,15,0,2
BRDA:258,15,1,0
BRDA:259,16,0,2
BRDA:259,16,1,0
BRDA:260,17,0,2
BRDA:260,17,1,0
BRF:36
BRH:30
end_of_record
TN:
SF:src\middleware\authMiddleware.js
FN:4,(anonymous_0)
FNF:1
FNH:1
FNDA:44,(anonymous_0)
DA:4,3
DA:7,44
DA:8,0
DA:9,44
DA:10,43
DA:13,44
DA:14,1
DA:19,43
DA:20,43
DA:22,43
DA:26,43
DA:27,0
DA:32,43
DA:34,43
DA:36,0
LF:15
LH:12
BRDA:7,0,0,0
BRDA:7,0,1,44
BRDA:7,1,0,44
BRDA:7,1,1,0
BRDA:9,2,0,43
BRDA:9,2,1,1
BRDA:13,3,0,1
BRDA:13,3,1,43
BRDA:26,4,0,0
BRDA:26,4,1,43
BRF:10
BRH:7
end_of_record
TN:
SF:src\middleware\validateRequest.js
FN:3,(anonymous_0)
FN:4,(anonymous_1)
FNF:2
FNH:2
FNDA:24,(anonymous_0)
FNDA:25,(anonymous_1)
DA:3,3
DA:4,24
DA:5,25
DA:7,25
DA:8,0
DA:9,0
DA:11,0
DA:16,25
LF:8
LH:5
BRDA:3,0,0,15
BRDA:7,1,0,0
BRDA:7,1,1,25
BRF:3
BRH:2
end_of_record
TN:
SF:src\routes\authRoutes.js
FNF:0
FNH:0
DA:7,3
DA:9,3
DA:10,3
DA:11,3
DA:12,3
LF:5
LH:5
BRF:0
BRH:0
end_of_record
TN:
SF:src\routes\movieRoutes.js
FNF:0
FNH:0
DA:7,3
DA:10,3
DA:12,3
DA:14,3
DA:16,3
DA:18,3
DA:20,3
LF:7
LH:7
BRF:0
BRH:0
end_of_record
TN:
SF:src\routes\watchlistRoutes.js
FNF:0
FNH:0
DA:8,3
DA:10,3
DA:12,3
DA:14,3
DA:16,3
DA:18,3
DA:20,3
DA:22,3
LF:8
LH:8
BRF:0
BRH:0
end_of_record
TN:
SF:src\utils\generateToken.js
FN:3,(anonymous_0)
FNF:1
FNH:1
FNDA:2,(anonymous_0)
DA:3,3
DA:4,2
DA:8,2
DA:12,2
DA:19,2
LF:5
LH:5
BRDA:9,0,0,2
BRDA:9,0,1,0
BRDA:15,1,0,0
BRDA:15,1,1,2
BRF:4
BRH:2
end_of_record
TN:
SF:src\validators\authValidator.js
FNF:0
FNH:0
DA:3,3
DA:9,3
LF:2
LH:2
BRF:0
BRH:0
end_of_record
TN:
SF:src\validators\movieValidators.js
FNF:0
FNH:0
DA:3,3
DA:11,3
DA:15,3
LF:3
LH:3
BRF:0
BRH:0
end_of_record
TN:
SF:src\validators\watchlistValidator.js
FN:9,(anonymous_0)
FNF:1
FNH:0
FNDA:0,(anonymous_0)
DA:3,3
DA:9,0
LF:2
LH:1
BRF:0
BRH:0
end_of_record
